running develop
running egg_info
creating teleop_gopigo3_keyboard.egg-info
writing teleop_gopigo3_keyboard.egg-info/PKG-INFO
writing dependency_links to teleop_gopigo3_keyboard.egg-info/dependency_links.txt
writing entry points to teleop_gopigo3_keyboard.egg-info/entry_points.txt
writing requirements to teleop_gopigo3_keyboard.egg-info/requires.txt
writing top-level names to teleop_gopigo3_keyboard.egg-info/top_level.txt
writing manifest file 'teleop_gopigo3_keyboard.egg-info/SOURCES.txt'
reading manifest file 'teleop_gopigo3_keyboard.egg-info/SOURCES.txt'
writing manifest file 'teleop_gopigo3_keyboard.egg-info/SOURCES.txt'
running build_ext
Creating /home/ubuntu/ros2ws/install/teleop_gopigo3_keyboard/lib/python3.10/site-packages/teleop-gopigo3-keyboard.egg-link (link to .)
Installing teleop_gopigo3_keyboard script to /home/ubuntu/ros2ws/install/teleop_gopigo3_keyboard/lib/teleop_gopigo3_keyboard

Installed /home/ubuntu/ros2ws/build/teleop_gopigo3_keyboard
running install_data
creating /home/ubuntu/ros2ws/install/teleop_gopigo3_keyboard/share/ament_index
creating /home/ubuntu/ros2ws/install/teleop_gopigo3_keyboard/share/ament_index/resource_index
creating /home/ubuntu/ros2ws/install/teleop_gopigo3_keyboard/share/ament_index/resource_index/packages
copying resource/teleop_gopigo3_keyboard -> /home/ubuntu/ros2ws/install/teleop_gopigo3_keyboard/share/ament_index/resource_index/packages
copying package.xml -> /home/ubuntu/ros2ws/install/teleop_gopigo3_keyboard/share/teleop_gopigo3_keyboard
