[6.846s] Invoking command in '/home/ubuntu/ros2ws/build/teleop_gopigo3_keyboard': PYTHONPATH=/home/ubuntu/ros2ws/install/teleop_gopigo3_keyboard/lib/python3.10/site-packages:${PYTHONPATH} /usr/bin/python3 setup.py develop --prefix /home/ubuntu/ros2ws/install/teleop_gopigo3_keyboard --editable --build-directory /home/ubuntu/ros2ws/build/teleop_gopigo3_keyboard/build --no-deps install_data --install-dir /home/ubuntu/ros2ws/install/teleop_gopigo3_keyboard
[8.657s] running develop
[9.792s] running egg_info
[9.792s] creating teleop_gopigo3_keyboard.egg-info
[9.793s] writing teleop_gopigo3_keyboard.egg-info/PKG-INFO
[9.795s] writing dependency_links to teleop_gopigo3_keyboard.egg-info/dependency_links.txt
[9.796s] writing entry points to teleop_gopigo3_keyboard.egg-info/entry_points.txt
[9.797s] writing requirements to teleop_gopigo3_keyboard.egg-info/requires.txt
[9.798s] writing top-level names to teleop_gopigo3_keyboard.egg-info/top_level.txt
[9.800s] writing manifest file 'teleop_gopigo3_keyboard.egg-info/SOURCES.txt'
[9.807s] reading manifest file 'teleop_gopigo3_keyboard.egg-info/SOURCES.txt'
[9.810s] writing manifest file 'teleop_gopigo3_keyboard.egg-info/SOURCES.txt'
[9.820s] running build_ext
[9.821s] Creating /home/ubuntu/ros2ws/install/teleop_gopigo3_keyboard/lib/python3.10/site-packages/teleop-gopigo3-keyboard.egg-link (link to .)
[9.825s] Installing teleop_gopigo3_keyboard script to /home/ubuntu/ros2ws/install/teleop_gopigo3_keyboard/lib/teleop_gopigo3_keyboard
[9.828s] 
[9.829s] Installed /home/ubuntu/ros2ws/build/teleop_gopigo3_keyboard
[9.830s] running install_data
[9.831s] creating /home/ubuntu/ros2ws/install/teleop_gopigo3_keyboard/share/ament_index
[9.831s] creating /home/ubuntu/ros2ws/install/teleop_gopigo3_keyboard/share/ament_index/resource_index
[9.832s] creating /home/ubuntu/ros2ws/install/teleop_gopigo3_keyboard/share/ament_index/resource_index/packages
[9.833s] copying resource/teleop_gopigo3_keyboard -> /home/ubuntu/ros2ws/install/teleop_gopigo3_keyboard/share/ament_index/resource_index/packages
[9.836s] copying package.xml -> /home/ubuntu/ros2ws/install/teleop_gopigo3_keyboard/share/teleop_gopigo3_keyboard
[10.125s] Invoked command in '/home/ubuntu/ros2ws/build/teleop_gopigo3_keyboard' returned '0': PYTHONPATH=/home/ubuntu/ros2ws/install/teleop_gopigo3_keyboard/lib/python3.10/site-packages:${PYTHONPATH} /usr/bin/python3 setup.py develop --prefix /home/ubuntu/ros2ws/install/teleop_gopigo3_keyboard --editable --build-directory /home/ubuntu/ros2ws/build/teleop_gopigo3_keyboard/build --no-deps install_data --install-dir /home/ubuntu/ros2ws/install/teleop_gopigo3_keyboard
