[0.619s] DEBUG:colcon:Command line arguments: ['/usr/bin/colcon', 'build', '--symlink-install']
[0.619s] DEBUG:colcon:Parsed command line arguments: Namespace(log_base=None, log_level=None, verb_name='build', build_base='build', install_base='install', merge_install=False, symlink_install=True, test_result_base=None, continue_on_error=False, executor='parallel', parallel_workers=4, event_handlers=None, ignore_user_meta=False, metas=['./colcon.meta'], base_paths=['.'], packages_ignore=None, packages_ignore_regex=None, paths=None, packages_up_to=None, packages_up_to_regex=None, packages_above=None, packages_above_and_dependencies=None, packages_above_depth=None, packages_select_by_dep=None, packages_skip_by_dep=None, packages_skip_up_to=None, packages_select_build_failed=False, packages_skip_build_finished=False, packages_select_test_failures=False, packages_skip_test_passed=False, packages_select=None, packages_skip=None, packages_select_regex=None, packages_skip_regex=None, packages_start=None, packages_end=None, allow_overriding=[], cmake_args=None, cmake_target=None, cmake_target_skip_unavailable=False, cmake_clean_cache=False, cmake_clean_first=False, cmake_force_configure=False, ament_cmake_args=None, catkin_cmake_args=None, catkin_skip_building_tests=False, verb_parser=<colcon_defaults.argument_parser.defaults.DefaultArgumentsDecorator object at 0xffffb74d34f0>, verb_extension=<colcon_core.verb.build.BuildVerb object at 0xffffb74d2f80>, main=<bound method BuildVerb.main of <colcon_core.verb.build.BuildVerb object at 0xffffb74d2f80>>)
[0.744s] Level 1:colcon.colcon_core.package_discovery:discover_packages(colcon_meta) check parameters
[0.744s] Level 1:colcon.colcon_core.package_discovery:discover_packages(recursive) check parameters
[0.744s] Level 1:colcon.colcon_core.package_discovery:discover_packages(ignore) check parameters
[0.744s] Level 1:colcon.colcon_core.package_discovery:discover_packages(path) check parameters
[0.744s] Level 1:colcon.colcon_core.package_discovery:discover_packages(colcon_meta) discover
[0.745s] Level 1:colcon.colcon_core.package_discovery:discover_packages(recursive) discover
[0.745s] INFO:colcon.colcon_core.package_discovery:Crawling recursively for packages in '/home/ubuntu/ydlidar_ros2_ws/src/ydlidar_ros2_driver'
[0.745s] Level 1:colcon.colcon_core.package_identification:_identify(.) by extensions ['ignore', 'ignore_ament_install']
[0.746s] Level 1:colcon.colcon_core.package_identification:_identify(.) by extension 'ignore'
[0.746s] Level 1:colcon.colcon_core.package_identification:_identify(.) by extension 'ignore_ament_install'
[0.746s] Level 1:colcon.colcon_core.package_identification:_identify(.) by extensions ['colcon_pkg']
[0.746s] Level 1:colcon.colcon_core.package_identification:_identify(.) by extension 'colcon_pkg'
[0.746s] Level 1:colcon.colcon_core.package_identification:_identify(.) by extensions ['colcon_meta']
[0.747s] Level 1:colcon.colcon_core.package_identification:_identify(.) by extension 'colcon_meta'
[0.747s] Level 1:colcon.colcon_core.package_identification:_identify(.) by extensions ['ros']
[0.747s] Level 1:colcon.colcon_core.package_identification:_identify(.) by extension 'ros'
[0.799s] DEBUG:colcon.colcon_core.package_identification:Package '.' with type 'ros.ament_cmake' and name 'ydlidar_ros2_driver'
[0.799s] Level 1:colcon.colcon_core.package_discovery:discover_packages(recursive) using defaults
[0.799s] Level 1:colcon.colcon_core.package_discovery:discover_packages(ignore) discover
[0.800s] Level 1:colcon.colcon_core.package_discovery:discover_packages(ignore) using defaults
[0.800s] Level 1:colcon.colcon_core.package_discovery:discover_packages(path) discover
[0.800s] Level 1:colcon.colcon_core.package_discovery:discover_packages(path) using defaults
[0.894s] Level 1:colcon.colcon_core.package_discovery:discover_packages(prefix_path) check parameters
[0.894s] Level 1:colcon.colcon_core.package_discovery:discover_packages(prefix_path) discover
[0.907s] DEBUG:colcon.colcon_installed_package_information.package_discovery:Found 3 installed packages in /home/ubuntu/ros2ws/install
[0.915s] DEBUG:colcon.colcon_installed_package_information.package_discovery:Found 184 installed packages in /opt/ros/humble
[0.919s] Level 1:colcon.colcon_core.package_discovery:discover_packages(prefix_path) using defaults
[1.084s] Level 5:colcon.colcon_core.verb:set package 'ydlidar_ros2_driver' build argument 'cmake_args' from command line to 'None'
[1.084s] Level 5:colcon.colcon_core.verb:set package 'ydlidar_ros2_driver' build argument 'cmake_target' from command line to 'None'
[1.084s] Level 5:colcon.colcon_core.verb:set package 'ydlidar_ros2_driver' build argument 'cmake_target_skip_unavailable' from command line to 'False'
[1.084s] Level 5:colcon.colcon_core.verb:set package 'ydlidar_ros2_driver' build argument 'cmake_clean_cache' from command line to 'False'
[1.085s] Level 5:colcon.colcon_core.verb:set package 'ydlidar_ros2_driver' build argument 'cmake_clean_first' from command line to 'False'
[1.085s] Level 5:colcon.colcon_core.verb:set package 'ydlidar_ros2_driver' build argument 'cmake_force_configure' from command line to 'False'
[1.085s] Level 5:colcon.colcon_core.verb:set package 'ydlidar_ros2_driver' build argument 'ament_cmake_args' from command line to 'None'
[1.085s] Level 5:colcon.colcon_core.verb:set package 'ydlidar_ros2_driver' build argument 'catkin_cmake_args' from command line to 'None'
[1.085s] Level 5:colcon.colcon_core.verb:set package 'ydlidar_ros2_driver' build argument 'catkin_skip_building_tests' from command line to 'False'
[1.085s] DEBUG:colcon.colcon_core.verb:Building package 'ydlidar_ros2_driver' with the following arguments: {'ament_cmake_args': None, 'build_base': '/home/ubuntu/ydlidar_ros2_ws/src/ydlidar_ros2_driver/build/ydlidar_ros2_driver', 'catkin_cmake_args': None, 'catkin_skip_building_tests': False, 'cmake_args': None, 'cmake_clean_cache': False, 'cmake_clean_first': False, 'cmake_force_configure': False, 'cmake_target': None, 'cmake_target_skip_unavailable': False, 'install_base': '/home/ubuntu/ydlidar_ros2_ws/src/ydlidar_ros2_driver/install/ydlidar_ros2_driver', 'merge_install': False, 'path': '/home/ubuntu/ydlidar_ros2_ws/src/ydlidar_ros2_driver', 'symlink_install': True, 'test_result_base': None}
[1.088s] INFO:colcon.colcon_core.executor:Executing jobs using 'parallel' executor
[1.102s] DEBUG:colcon.colcon_parallel_executor.executor.parallel:run_until_complete
[1.103s] INFO:colcon.colcon_ros.task.ament_cmake.build:Building ROS package in '/home/ubuntu/ydlidar_ros2_ws/src/ydlidar_ros2_driver' with build type 'ament_cmake'
[1.104s] INFO:colcon.colcon_cmake.task.cmake.build:Building CMake package in '/home/ubuntu/ydlidar_ros2_ws/src/ydlidar_ros2_driver'
[1.123s] INFO:colcon.colcon_core.plugin_system:Skipping extension 'colcon_core.shell.bat': Not used on non-Windows systems
[1.123s] INFO:colcon.colcon_core.shell:Skip shell extension 'powershell' for command environment: Not usable outside of PowerShell
[1.124s] DEBUG:colcon.colcon_core.shell:Skip shell extension 'dsv' for command environment
[1.164s] DEBUG:colcon.colcon_core.event_handler.log_command:Invoking command in '/home/ubuntu/ydlidar_ros2_ws/src/ydlidar_ros2_driver/build/ydlidar_ros2_driver': CMAKE_PREFIX_PATH=${CMAKE_PREFIX_PATH}:/home/ubuntu/ros2ws/install/teleop_gopigo3_keyboard:/home/ubuntu/ros2ws/install/ros2_gopigo3_node:/opt/ros/humble /usr/bin/cmake --build /home/ubuntu/ydlidar_ros2_ws/src/ydlidar_ros2_driver/build/ydlidar_ros2_driver -- -j4 -l4
[22.206s] DEBUG:colcon.colcon_core.event_handler.log_command:Invoked command in '/home/ubuntu/ydlidar_ros2_ws/src/ydlidar_ros2_driver/build/ydlidar_ros2_driver' returned '0': CMAKE_PREFIX_PATH=${CMAKE_PREFIX_PATH}:/home/ubuntu/ros2ws/install/teleop_gopigo3_keyboard:/home/ubuntu/ros2ws/install/ros2_gopigo3_node:/opt/ros/humble /usr/bin/cmake --build /home/ubuntu/ydlidar_ros2_ws/src/ydlidar_ros2_driver/build/ydlidar_ros2_driver -- -j4 -l4
[22.402s] DEBUG:colcon.colcon_core.event_handler.log_command:Invoking command in '/home/ubuntu/ydlidar_ros2_ws/src/ydlidar_ros2_driver/build/ydlidar_ros2_driver': CMAKE_PREFIX_PATH=${CMAKE_PREFIX_PATH}:/home/ubuntu/ros2ws/install/teleop_gopigo3_keyboard:/home/ubuntu/ros2ws/install/ros2_gopigo3_node:/opt/ros/humble /usr/bin/cmake --install /home/ubuntu/ydlidar_ros2_ws/src/ydlidar_ros2_driver/build/ydlidar_ros2_driver
[23.157s] Level 1:colcon.colcon_core.environment:create_environment_scripts_only(ydlidar_ros2_driver)
[23.159s] DEBUG:colcon.colcon_core.event_handler.log_command:Invoked command in '/home/ubuntu/ydlidar_ros2_ws/src/ydlidar_ros2_driver/build/ydlidar_ros2_driver' returned '0': CMAKE_PREFIX_PATH=${CMAKE_PREFIX_PATH}:/home/ubuntu/ros2ws/install/teleop_gopigo3_keyboard:/home/ubuntu/ros2ws/install/ros2_gopigo3_node:/opt/ros/humble /usr/bin/cmake --install /home/ubuntu/ydlidar_ros2_ws/src/ydlidar_ros2_driver/build/ydlidar_ros2_driver
[23.181s] Level 1:colcon.colcon_core.environment:checking '/home/ubuntu/ydlidar_ros2_ws/src/ydlidar_ros2_driver/install/ydlidar_ros2_driver' for CMake module files
[23.184s] Level 1:colcon.colcon_core.environment:checking '/home/ubuntu/ydlidar_ros2_ws/src/ydlidar_ros2_driver/install/ydlidar_ros2_driver' for CMake config files
[23.188s] Level 1:colcon.colcon_core.shell:create_environment_hook('ydlidar_ros2_driver', 'cmake_prefix_path')
[23.193s] INFO:colcon.colcon_core.shell:Creating environment hook '/home/ubuntu/ydlidar_ros2_ws/src/ydlidar_ros2_driver/install/ydlidar_ros2_driver/share/ydlidar_ros2_driver/hook/cmake_prefix_path.ps1'
[23.200s] INFO:colcon.colcon_core.shell:Creating environment descriptor '/home/ubuntu/ydlidar_ros2_ws/src/ydlidar_ros2_driver/install/ydlidar_ros2_driver/share/ydlidar_ros2_driver/hook/cmake_prefix_path.dsv'
[23.202s] INFO:colcon.colcon_core.shell:Creating environment hook '/home/ubuntu/ydlidar_ros2_ws/src/ydlidar_ros2_driver/install/ydlidar_ros2_driver/share/ydlidar_ros2_driver/hook/cmake_prefix_path.sh'
[23.207s] Level 1:colcon.colcon_core.environment:checking '/home/ubuntu/ydlidar_ros2_ws/src/ydlidar_ros2_driver/install/ydlidar_ros2_driver/lib'
[23.208s] Level 1:colcon.colcon_core.environment:checking '/home/ubuntu/ydlidar_ros2_ws/src/ydlidar_ros2_driver/install/ydlidar_ros2_driver/bin'
[23.208s] Level 1:colcon.colcon_core.environment:checking '/home/ubuntu/ydlidar_ros2_ws/src/ydlidar_ros2_driver/install/ydlidar_ros2_driver/lib/pkgconfig/ydlidar_ros2_driver.pc'
[23.209s] Level 1:colcon.colcon_core.environment:checking '/home/ubuntu/ydlidar_ros2_ws/src/ydlidar_ros2_driver/install/ydlidar_ros2_driver/lib/python3.10/site-packages'
[23.210s] Level 1:colcon.colcon_core.environment:checking '/home/ubuntu/ydlidar_ros2_ws/src/ydlidar_ros2_driver/install/ydlidar_ros2_driver/bin'
[23.216s] INFO:colcon.colcon_core.shell:Creating package script '/home/ubuntu/ydlidar_ros2_ws/src/ydlidar_ros2_driver/install/ydlidar_ros2_driver/share/ydlidar_ros2_driver/package.ps1'
[23.219s] INFO:colcon.colcon_core.shell:Creating package descriptor '/home/ubuntu/ydlidar_ros2_ws/src/ydlidar_ros2_driver/install/ydlidar_ros2_driver/share/ydlidar_ros2_driver/package.dsv'
[23.221s] INFO:colcon.colcon_core.shell:Creating package script '/home/ubuntu/ydlidar_ros2_ws/src/ydlidar_ros2_driver/install/ydlidar_ros2_driver/share/ydlidar_ros2_driver/package.sh'
[23.224s] INFO:colcon.colcon_core.shell:Creating package script '/home/ubuntu/ydlidar_ros2_ws/src/ydlidar_ros2_driver/install/ydlidar_ros2_driver/share/ydlidar_ros2_driver/package.bash'
[23.228s] INFO:colcon.colcon_core.shell:Creating package script '/home/ubuntu/ydlidar_ros2_ws/src/ydlidar_ros2_driver/install/ydlidar_ros2_driver/share/ydlidar_ros2_driver/package.zsh'
[23.230s] Level 1:colcon.colcon_core.environment:create_file_with_runtime_dependencies(/home/ubuntu/ydlidar_ros2_ws/src/ydlidar_ros2_driver/install/ydlidar_ros2_driver/share/colcon-core/packages/ydlidar_ros2_driver)
[23.392s] Level 1:colcon.colcon_core.environment:create_environment_scripts_only(ydlidar_ros2_driver)
[23.402s] Level 1:colcon.colcon_core.environment:checking '/home/ubuntu/ydlidar_ros2_ws/src/ydlidar_ros2_driver/install/ydlidar_ros2_driver' for CMake module files
[23.406s] Level 1:colcon.colcon_core.environment:checking '/home/ubuntu/ydlidar_ros2_ws/src/ydlidar_ros2_driver/install/ydlidar_ros2_driver' for CMake config files
[23.410s] Level 1:colcon.colcon_core.shell:create_environment_hook('ydlidar_ros2_driver', 'cmake_prefix_path')
[23.415s] INFO:colcon.colcon_core.shell:Creating environment hook '/home/ubuntu/ydlidar_ros2_ws/src/ydlidar_ros2_driver/install/ydlidar_ros2_driver/share/ydlidar_ros2_driver/hook/cmake_prefix_path.ps1'
[23.416s] INFO:colcon.colcon_core.shell:Creating environment descriptor '/home/ubuntu/ydlidar_ros2_ws/src/ydlidar_ros2_driver/install/ydlidar_ros2_driver/share/ydlidar_ros2_driver/hook/cmake_prefix_path.dsv'
[23.418s] INFO:colcon.colcon_core.shell:Creating environment hook '/home/ubuntu/ydlidar_ros2_ws/src/ydlidar_ros2_driver/install/ydlidar_ros2_driver/share/ydlidar_ros2_driver/hook/cmake_prefix_path.sh'
[23.421s] Level 1:colcon.colcon_core.environment:checking '/home/ubuntu/ydlidar_ros2_ws/src/ydlidar_ros2_driver/install/ydlidar_ros2_driver/lib'
[23.421s] Level 1:colcon.colcon_core.environment:checking '/home/ubuntu/ydlidar_ros2_ws/src/ydlidar_ros2_driver/install/ydlidar_ros2_driver/bin'
[23.421s] Level 1:colcon.colcon_core.environment:checking '/home/ubuntu/ydlidar_ros2_ws/src/ydlidar_ros2_driver/install/ydlidar_ros2_driver/lib/pkgconfig/ydlidar_ros2_driver.pc'
[23.422s] Level 1:colcon.colcon_core.environment:checking '/home/ubuntu/ydlidar_ros2_ws/src/ydlidar_ros2_driver/install/ydlidar_ros2_driver/lib/python3.10/site-packages'
[23.423s] Level 1:colcon.colcon_core.environment:checking '/home/ubuntu/ydlidar_ros2_ws/src/ydlidar_ros2_driver/install/ydlidar_ros2_driver/bin'
[23.428s] INFO:colcon.colcon_core.shell:Creating package script '/home/ubuntu/ydlidar_ros2_ws/src/ydlidar_ros2_driver/install/ydlidar_ros2_driver/share/ydlidar_ros2_driver/package.ps1'
[23.430s] INFO:colcon.colcon_core.shell:Creating package descriptor '/home/ubuntu/ydlidar_ros2_ws/src/ydlidar_ros2_driver/install/ydlidar_ros2_driver/share/ydlidar_ros2_driver/package.dsv'
[23.432s] INFO:colcon.colcon_core.shell:Creating package script '/home/ubuntu/ydlidar_ros2_ws/src/ydlidar_ros2_driver/install/ydlidar_ros2_driver/share/ydlidar_ros2_driver/package.sh'
[23.434s] INFO:colcon.colcon_core.shell:Creating package script '/home/ubuntu/ydlidar_ros2_ws/src/ydlidar_ros2_driver/install/ydlidar_ros2_driver/share/ydlidar_ros2_driver/package.bash'
[23.436s] INFO:colcon.colcon_core.shell:Creating package script '/home/ubuntu/ydlidar_ros2_ws/src/ydlidar_ros2_driver/install/ydlidar_ros2_driver/share/ydlidar_ros2_driver/package.zsh'
[23.438s] Level 1:colcon.colcon_core.environment:create_file_with_runtime_dependencies(/home/ubuntu/ydlidar_ros2_ws/src/ydlidar_ros2_driver/install/ydlidar_ros2_driver/share/colcon-core/packages/ydlidar_ros2_driver)
[23.439s] DEBUG:colcon.colcon_parallel_executor.executor.parallel:closing loop
[23.440s] DEBUG:colcon.colcon_parallel_executor.executor.parallel:loop closed
[23.441s] DEBUG:colcon.colcon_parallel_executor.executor.parallel:run_until_complete finished with '0'
[23.441s] DEBUG:colcon.colcon_core.event_reactor:joining thread
[23.473s] INFO:colcon.colcon_core.plugin_system:Skipping extension 'colcon_notification.desktop_notification.notify_send': Could not find 'notify-send'
[23.473s] INFO:colcon.colcon_core.plugin_system:Skipping extension 'colcon_notification.desktop_notification.terminal_notifier': Not used on non-Darwin systems
[23.474s] INFO:colcon.colcon_core.plugin_system:Skipping extension 'colcon_notification.desktop_notification.win32': Not used on non-Windows systems
[23.474s] INFO:colcon.colcon_notification.desktop_notification:Sending desktop notification using 'notify2'
[23.476s] DEBUG:colcon.colcon_notification.desktop_notification.notify2:Failed to initialize notify2: org.freedesktop.DBus.Error.ServiceUnknown: The name org.freedesktop.Notifications was not provided by any .service files
[23.477s] DEBUG:colcon.colcon_core.event_reactor:joined thread
[23.482s] INFO:colcon.colcon_core.shell:Creating prefix script '/home/ubuntu/ydlidar_ros2_ws/src/ydlidar_ros2_driver/install/local_setup.ps1'
[23.486s] INFO:colcon.colcon_core.shell:Creating prefix util module '/home/ubuntu/ydlidar_ros2_ws/src/ydlidar_ros2_driver/install/_local_setup_util_ps1.py'
[23.492s] INFO:colcon.colcon_core.shell:Creating prefix chain script '/home/ubuntu/ydlidar_ros2_ws/src/ydlidar_ros2_driver/install/setup.ps1'
[23.499s] INFO:colcon.colcon_core.shell:Creating prefix script '/home/ubuntu/ydlidar_ros2_ws/src/ydlidar_ros2_driver/install/local_setup.sh'
[23.502s] INFO:colcon.colcon_core.shell:Creating prefix util module '/home/ubuntu/ydlidar_ros2_ws/src/ydlidar_ros2_driver/install/_local_setup_util_sh.py'
[23.504s] INFO:colcon.colcon_core.shell:Creating prefix chain script '/home/ubuntu/ydlidar_ros2_ws/src/ydlidar_ros2_driver/install/setup.sh'
[23.510s] INFO:colcon.colcon_core.shell:Creating prefix script '/home/ubuntu/ydlidar_ros2_ws/src/ydlidar_ros2_driver/install/local_setup.bash'
[23.512s] INFO:colcon.colcon_core.shell:Creating prefix chain script '/home/ubuntu/ydlidar_ros2_ws/src/ydlidar_ros2_driver/install/setup.bash'
[23.518s] INFO:colcon.colcon_core.shell:Creating prefix script '/home/ubuntu/ydlidar_ros2_ws/src/ydlidar_ros2_driver/install/local_setup.zsh'
[23.520s] INFO:colcon.colcon_core.shell:Creating prefix chain script '/home/ubuntu/ydlidar_ros2_ws/src/ydlidar_ros2_driver/install/setup.zsh'
