running develop
running egg_info
creating ros2_gopigo3_node.egg-info
writing ros2_gopigo3_node.egg-info/PKG-INFO
writing dependency_links to ros2_gopigo3_node.egg-info/dependency_links.txt
writing entry points to ros2_gopigo3_node.egg-info/entry_points.txt
writing requirements to ros2_gopigo3_node.egg-info/requires.txt
writing top-level names to ros2_gopigo3_node.egg-info/top_level.txt
writing manifest file 'ros2_gopigo3_node.egg-info/SOURCES.txt'
reading manifest file 'ros2_gopigo3_node.egg-info/SOURCES.txt'
writing manifest file 'ros2_gopigo3_node.egg-info/SOURCES.txt'
running build_ext
Creating /home/ubuntu/ros2ws/install/ros2_gopigo3_node/lib/python3.10/site-packages/ros2-gopigo3-node.egg-link (link to .)
Installing distance_sensor script to /home/ubuntu/ros2ws/install/ros2_gopigo3_node/lib/ros2_gopigo3_node
Installing distance_sensor_subscriber script to /home/ubuntu/ros2ws/install/ros2_gopigo3_node/lib/ros2_gopigo3_node
Installing gopigo3_node script to /home/ubuntu/ros2ws/install/ros2_gopigo3_node/lib/ros2_gopigo3_node
Installing imu_sensor script to /home/ubuntu/ros2ws/install/ros2_gopigo3_node/lib/ros2_gopigo3_node
Installing odometer script to /home/ubuntu/ros2ws/install/ros2_gopigo3_node/lib/ros2_gopigo3_node
Installing ultrasonic_ranger script to /home/ubuntu/ros2ws/install/ros2_gopigo3_node/lib/ros2_gopigo3_node

Installed /home/ubuntu/ros2ws/build/ros2_gopigo3_node
running install_data
creating /home/ubuntu/ros2ws/install/ros2_gopigo3_node/share/ament_index
creating /home/ubuntu/ros2ws/install/ros2_gopigo3_node/share/ament_index/resource_index
creating /home/ubuntu/ros2ws/install/ros2_gopigo3_node/share/ament_index/resource_index/packages
copying resource/ros2_gopigo3_node -> /home/ubuntu/ros2ws/install/ros2_gopigo3_node/share/ament_index/resource_index/packages
copying package.xml -> /home/ubuntu/ros2ws/install/ros2_gopigo3_node/share/ros2_gopigo3_node
copying launch/ros2_gpgMin_state_and_joint.launch.py -> /home/ubuntu/ros2ws/install/ros2_gopigo3_node/share/ros2_gopigo3_node
copying launch/ros2_finmark_state_and_joint.launch.py -> /home/ubuntu/ros2ws/install/ros2_gopigo3_node/share/ros2_gopigo3_node
copying launch/ros2_dave_state_and_joint.launch.py -> /home/ubuntu/ros2ws/install/ros2_gopigo3_node/share/ros2_gopigo3_node
copying urdf/finmark.urdf -> /home/ubuntu/ros2ws/install/ros2_gopigo3_node/share/ros2_gopigo3_node
copying urdf/gpgMin.urdf -> /home/ubuntu/ros2ws/install/ros2_gopigo3_node/share/ros2_gopigo3_node
copying urdf/dave.urdf -> /home/ubuntu/ros2ws/install/ros2_gopigo3_node/share/ros2_gopigo3_node
