running develop
running egg_info
creating scan_client.egg-info
writing scan_client.egg-info/PKG-INFO
writing dependency_links to scan_client.egg-info/dependency_links.txt
writing entry points to scan_client.egg-info/entry_points.txt
writing requirements to scan_client.egg-info/requires.txt
writing top-level names to scan_client.egg-info/top_level.txt
writing manifest file 'scan_client.egg-info/SOURCES.txt'
reading manifest file 'scan_client.egg-info/SOURCES.txt'
writing manifest file 'scan_client.egg-info/SOURCES.txt'
running build_ext
Creating /home/ubuntu/ros2ws/install/scan_client/lib/python3.10/site-packages/scan-client.egg-link (link to .)
Installing scan_client script to /home/ubuntu/ros2ws/install/scan_client/lib/scan_client

Installed /home/ubuntu/ros2ws/build/scan_client
running install_data
creating /home/ubuntu/ros2ws/install/scan_client/share/ament_index
creating /home/ubuntu/ros2ws/install/scan_client/share/ament_index/resource_index
creating /home/ubuntu/ros2ws/install/scan_client/share/ament_index/resource_index/packages
copying resource/scan_client -> /home/ubuntu/ros2ws/install/scan_client/share/ament_index/resource_index/packages
copying package.xml -> /home/ubuntu/ros2ws/install/scan_client/share/scan_client
