running develop
running egg_info
creating ros2_libcamera_pub.egg-info
writing ros2_libcamera_pub.egg-info/PKG-INFO
writing dependency_links to ros2_libcamera_pub.egg-info/dependency_links.txt
writing entry points to ros2_libcamera_pub.egg-info/entry_points.txt
writing requirements to ros2_libcamera_pub.egg-info/requires.txt
writing top-level names to ros2_libcamera_pub.egg-info/top_level.txt
writing manifest file 'ros2_libcamera_pub.egg-info/SOURCES.txt'
reading manifest file 'ros2_libcamera_pub.egg-info/SOURCES.txt'
writing manifest file 'ros2_libcamera_pub.egg-info/SOURCES.txt'
running build_ext
Creating /home/ubuntu/ros2ws/install/ros2_libcamera_pub/lib/python3.10/site-packages/ros2-libcamera-pub.egg-link (link to .)
Installing libcamera_jpg_pub script to /home/ubuntu/ros2ws/install/ros2_libcamera_pub/lib/ros2_libcamera_pub

Installed /home/ubuntu/ros2ws/build/ros2_libcamera_pub
running install_data
creating /home/ubuntu/ros2ws/install/ros2_libcamera_pub/share/ament_index
creating /home/ubuntu/ros2ws/install/ros2_libcamera_pub/share/ament_index/resource_index
creating /home/ubuntu/ros2ws/install/ros2_libcamera_pub/share/ament_index/resource_index/packages
copying resource/ros2_libcamera_pub -> /home/ubuntu/ros2ws/install/ros2_libcamera_pub/share/ament_index/resource_index/packages
copying package.xml -> /home/ubuntu/ros2ws/install/ros2_libcamera_pub/share/ros2_libcamera_pub
